app/build/intermediates/manifest_merge_blame_file/debug/manifest-merger-blame-debug-report.txt
1<?xml version="1.0" encoding="utf-8"?>
2<manifest xmlns:android="http://schemas.android.com/apk/res/android"
3    package="com.drarabi.medvision"
4    android:versionCode="2"
5    android:versionName="1.1.2" >
6
7    <uses-sdk
8        android:minSdkVersion="24"
9        android:targetSdkVersion="36" />
10
11    <!-- Network -->
12    <uses-permission android:name="android.permission.INTERNET" />
12-->src/main/AndroidManifest.xml:5:5-67
12-->src/main/AndroidManifest.xml:5:22-64
13    <uses-permission android:name="android.permission.ACCESS_NETWORK_STATE" />
13-->src/main/AndroidManifest.xml:6:5-79
13-->src/main/AndroidManifest.xml:6:22-76
14
15    <!-- Camera -->
16    <uses-permission android:name="android.permission.CAMERA" />
16-->src/main/AndroidManifest.xml:9:5-65
16-->src/main/AndroidManifest.xml:9:22-62
17
18    <uses-feature
18-->src/main/AndroidManifest.xml:10:5-85
19        android:name="android.hardware.camera"
19-->src/main/AndroidManifest.xml:10:19-57
20        android:required="false" />
20-->src/main/AndroidManifest.xml:10:58-82
21    <uses-feature
21-->src/main/AndroidManifest.xml:11:5-95
22        android:name="android.hardware.camera.autofocus"
22-->src/main/AndroidManifest.xml:11:19-67
23        android:required="false" />
23-->src/main/AndroidManifest.xml:11:68-92
24
25    <!-- Storage for images (Android 12 and below) -->
26    <uses-permission
26-->src/main/AndroidManifest.xml:14:5-15:38
27        android:name="android.permission.READ_EXTERNAL_STORAGE"
27-->src/main/AndroidManifest.xml:14:22-77
28        android:maxSdkVersion="32" />
28-->src/main/AndroidManifest.xml:15:9-35
29    <uses-permission
29-->src/main/AndroidManifest.xml:16:5-17:38
30        android:name="android.permission.WRITE_EXTERNAL_STORAGE"
30-->src/main/AndroidManifest.xml:16:22-78
31        android:maxSdkVersion="28" />
31-->src/main/AndroidManifest.xml:17:9-35
32
33    <!-- Storage for images (Android 13+) -->
34    <uses-permission android:name="android.permission.READ_MEDIA_IMAGES" />
34-->src/main/AndroidManifest.xml:20:5-76
34-->src/main/AndroidManifest.xml:20:22-73
35
36    <permission
36-->[androidx.core:core:1.9.0] AndroidManifest.xml:22:5-24:47
37        android:name="com.drarabi.medvision.DYNAMIC_RECEIVER_NOT_EXPORTED_PERMISSION"
37-->[androidx.core:core:1.9.0] AndroidManifest.xml:23:9-81
38        android:protectionLevel="signature" />
38-->[androidx.core:core:1.9.0] AndroidManifest.xml:24:9-44
39
40    <uses-permission android:name="com.drarabi.medvision.DYNAMIC_RECEIVER_NOT_EXPORTED_PERMISSION" />
40-->[androidx.core:core:1.9.0] AndroidManifest.xml:26:5-97
40-->[androidx.core:core:1.9.0] AndroidManifest.xml:26:22-94
41
42    <application
42-->src/main/AndroidManifest.xml:22:5-54:19
43        android:allowBackup="true"
43-->src/main/AndroidManifest.xml:23:9-35
44        android:appComponentFactory="androidx.core.app.CoreComponentFactory"
44-->[androidx.core:core:1.9.0] AndroidManifest.xml:28:18-86
45        android:debuggable="true"
46        android:extractNativeLibs="false"
47        android:icon="@mipmap/ic_launcher"
47-->src/main/AndroidManifest.xml:24:9-43
48        android:label="@string/app_name"
48-->src/main/AndroidManifest.xml:25:9-41
49        android:networkSecurityConfig="@xml/network_security_config"
49-->src/main/AndroidManifest.xml:29:9-69
50        android:requestLegacyExternalStorage="true"
50-->src/main/AndroidManifest.xml:30:9-52
51        android:supportsRtl="true"
51-->src/main/AndroidManifest.xml:26:9-35
52        android:theme="@style/Theme.MedVisionAI"
52-->src/main/AndroidManifest.xml:27:9-49
53        android:usesCleartextTraffic="true" >
53-->src/main/AndroidManifest.xml:28:9-44
54        <activity
54-->src/main/AndroidManifest.xml:32:9-41:20
55            android:name="com.drarabi.medvision.MainActivity"
55-->src/main/AndroidManifest.xml:33:13-41
56            android:configChanges="orientation|screenSize|screenLayout|keyboardHidden"
56-->src/main/AndroidManifest.xml:35:13-87
57            android:exported="true"
57-->src/main/AndroidManifest.xml:34:13-36
58            android:windowSoftInputMode="adjustResize" >
58-->src/main/AndroidManifest.xml:36:13-55
59            <intent-filter>
59-->src/main/AndroidManifest.xml:37:13-40:29
60                <action android:name="android.intent.action.MAIN" />
60-->src/main/AndroidManifest.xml:38:17-69
60-->src/main/AndroidManifest.xml:38:25-66
61
62                <category android:name="android.intent.category.LAUNCHER" />
62-->src/main/AndroidManifest.xml:39:17-77
62-->src/main/AndroidManifest.xml:39:27-74
63            </intent-filter>
64        </activity>
65
66        <!-- FileProvider for camera capture -->
67        <provider
68            android:name="androidx.core.content.FileProvider"
68-->src/main/AndroidManifest.xml:45:13-62
69            android:authorities="com.drarabi.medvision.fileprovider"
69-->src/main/AndroidManifest.xml:46:13-64
70            android:exported="false"
70-->src/main/AndroidManifest.xml:47:13-37
71            android:grantUriPermissions="true" >
71-->src/main/AndroidManifest.xml:48:13-47
72            <meta-data
72-->src/main/AndroidManifest.xml:49:13-51:54
73                android:name="android.support.FILE_PROVIDER_PATHS"
73-->src/main/AndroidManifest.xml:50:17-67
74                android:resource="@xml/file_paths" />
74-->src/main/AndroidManifest.xml:51:17-51
75        </provider>
76
77        <meta-data
77-->[com.google.android.gms:play-services-basement:18.1.0] AndroidManifest.xml:21:9-23:69
78            android:name="com.google.android.gms.version"
78-->[com.google.android.gms:play-services-basement:18.1.0] AndroidManifest.xml:22:13-58
79            android:value="@integer/google_play_services_version" />
79-->[com.google.android.gms:play-services-basement:18.1.0] AndroidManifest.xml:23:13-66
80
81        <provider
81-->[androidx.emoji2:emoji2:1.2.0] AndroidManifest.xml:24:9-32:20
82            android:name="androidx.startup.InitializationProvider"
82-->[androidx.emoji2:emoji2:1.2.0] AndroidManifest.xml:25:13-67
83            android:authorities="com.drarabi.medvision.androidx-startup"
83-->[androidx.emoji2:emoji2:1.2.0] AndroidManifest.xml:26:13-68
84            android:exported="false" >
84-->[androidx.emoji2:emoji2:1.2.0] AndroidManifest.xml:27:13-37
85            <meta-data
85-->[androidx.emoji2:emoji2:1.2.0] AndroidManifest.xml:29:13-31:52
86                android:name="androidx.emoji2.text.EmojiCompatInitializer"
86-->[androidx.emoji2:emoji2:1.2.0] AndroidManifest.xml:30:17-75
87                android:value="androidx.startup" />
87-->[androidx.emoji2:emoji2:1.2.0] AndroidManifest.xml:31:17-49
88            <meta-data
88-->[androidx.lifecycle:lifecycle-process:2.6.1] AndroidManifest.xml:29:13-31:52
89                android:name="androidx.lifecycle.ProcessLifecycleInitializer"
89-->[androidx.lifecycle:lifecycle-process:2.6.1] AndroidManifest.xml:30:17-78
90                android:value="androidx.startup" />
90-->[androidx.lifecycle:lifecycle-process:2.6.1] AndroidManifest.xml:31:17-49
91            <meta-data
91-->[androidx.profileinstaller:profileinstaller:1.3.0] AndroidManifest.xml:29:13-31:52
92                android:name="androidx.profileinstaller.ProfileInstallerInitializer"
92-->[androidx.profileinstaller:profileinstaller:1.3.0] AndroidManifest.xml:30:17-85
93                android:value="androidx.startup" />
93-->[androidx.profileinstaller:profileinstaller:1.3.0] AndroidManifest.xml:31:17-49
94        </provider>
95
96        <receiver
96-->[androidx.profileinstaller:profileinstaller:1.3.0] AndroidManifest.xml:34:9-52:20
97            android:name="androidx.profileinstaller.ProfileInstallReceiver"
97-->[androidx.profileinstaller:profileinstaller:1.3.0] AndroidManifest.xml:35:13-76
98            android:directBootAware="false"
98-->[androidx.profileinstaller:profileinstaller:1.3.0] AndroidManifest.xml:36:13-44
99            android:enabled="true"
99-->[androidx.profileinstaller:profileinstaller:1.3.0] AndroidManifest.xml:37:13-35
100            android:exported="true"
100-->[androidx.profileinstaller:profileinstaller:1.3.0] AndroidManifest.xml:38:13-36
101            android:permission="android.permission.DUMP" >
101-->[androidx.profileinstaller:profileinstaller:1.3.0] AndroidManifest.xml:39:13-57
102            <intent-filter>
102-->[androidx.profileinstaller:profileinstaller:1.3.0] AndroidManifest.xml:40:13-42:29
103                <action android:name="androidx.profileinstaller.action.INSTALL_PROFILE" />
103-->[androidx.profileinstaller:profileinstaller:1.3.0] AndroidManifest.xml:41:17-91
103-->[androidx.profileinstaller:profileinstaller:1.3.0] AndroidManifest.xml:41:25-88
104            </intent-filter>
105            <intent-filter>
105-->[androidx.profileinstaller:profileinstaller:1.3.0] AndroidManifest.xml:43:13-45:29
106                <action android:name="androidx.profileinstaller.action.SKIP_FILE" />
106-->[androidx.profileinstaller:profileinstaller:1.3.0] AndroidManifest.xml:44:17-85
106-->[androidx.profileinstaller:profileinstaller:1.3.0] AndroidManifest.xml:44:25-82
107            </intent-filter>
108            <intent-filter>
108-->[androidx.profileinstaller:profileinstaller:1.3.0] AndroidManifest.xml:46:13-48:29
109                <action android:name="androidx.profileinstaller.action.SAVE_PROFILE" />
109-->[androidx.profileinstaller:profileinstaller:1.3.0] AndroidManifest.xml:47:17-88
109-->[androidx.profileinstaller:profileinstaller:1.3.0] AndroidManifest.xml:47:25-85
110            </intent-filter>
111            <intent-filter>
111-->[androidx.profileinstaller:profileinstaller:1.3.0] AndroidManifest.xml:49:13-51:29
112                <action android:name="androidx.profileinstaller.action.BENCHMARK_OPERATION" />
112-->[androidx.profileinstaller:profileinstaller:1.3.0] AndroidManifest.xml:50:17-95
112-->[androidx.profileinstaller:profileinstaller:1.3.0] AndroidManifest.xml:50:25-92
113            </intent-filter>
114        </receiver> <!-- The activities will be merged into the manifest of the hosting app. -->
115        <activity
115-->[com.google.android.play:core-common:2.0.3] AndroidManifest.xml:14:9-18:65
116            android:name="com.google.android.play.core.common.PlayCoreDialogWrapperActivity"
116-->[com.google.android.play:core-common:2.0.3] AndroidManifest.xml:15:13-93
117            android:exported="false"
117-->[com.google.android.play:core-common:2.0.3] AndroidManifest.xml:16:13-37
118            android:stateNotNeeded="true"
118-->[com.google.android.play:core-common:2.0.3] AndroidManifest.xml:17:13-42
119            android:theme="@style/Theme.PlayCore.Transparent" />
119-->[com.google.android.play:core-common:2.0.3] AndroidManifest.xml:18:13-62
120    </application>
121
122</manifest>